<?xml version="1.0" encoding="UTF-8"?>
<testsuite name="com.example.configpipeline.topology.ConfigDrivenTopologyTest" tests="2" skipped="0" failures="0" errors="0" timestamp="2026-03-10T19:52:00.397Z" hostname="registered.customer.kompex.pl" time="0.123">
  <properties/>
  <testcase name="should send invalid event to error topic()" classname="com.example.configpipeline.topology.ConfigDrivenTopologyTest" time="0.088"/>
  <testcase name="should process valid event with conversion and tagging()" classname="com.example.configpipeline.topology.ConfigDrivenTopologyTest" time="0.006"/>
  <system-out><![CDATA[]]></system-out>
  <system-err><![CDATA[[Test worker] INFO org.apache.kafka.streams.processor.internals.StreamTask - stream-thread [Test worker] task [0_0] Initialized
[Test worker] INFO org.apache.kafka.streams.processor.internals.StreamTask - stream-thread [Test worker] task [0_0] Restored and ready to run
[Test worker] INFO org.apache.kafka.streams.processor.internals.StreamTask - stream-thread [Test worker] task [0_0] Suspended from RUNNING
[Test worker] INFO org.apache.kafka.streams.processor.internals.RecordCollectorImpl - topology-test-driver Closing record collector clean
[Test worker] INFO org.apache.kafka.streams.processor.internals.StreamTask - stream-thread [Test worker] task [0_0] Closed clean
[Test worker] INFO org.apache.kafka.streams.processor.internals.StreamTask - stream-thread [Test worker] task [0_0] Initialized
[Test worker] INFO org.apache.kafka.streams.processor.internals.StreamTask - stream-thread [Test worker] task [0_0] Restored and ready to run
[Test worker] INFO org.apache.kafka.streams.processor.internals.StreamTask - stream-thread [Test worker] task [0_0] Suspended from RUNNING
[Test worker] INFO org.apache.kafka.streams.processor.internals.RecordCollectorImpl - topology-test-driver Closing record collector clean
[Test worker] INFO org.apache.kafka.streams.processor.internals.StreamTask - stream-thread [Test worker] task [0_0] Closed clean
]]></system-err>
</testsuite>
